  Building 'DBKKernel' with toolset 'WindowsKernelModeDriver10.0' and the 'Desktop' target platform.
  Stamping x64\Releasewithoutsig\DBK64.inf
  Stamping [Version] section with DriverVer=07/19/2023,22.54.47.352
C:\Users\Li_Dong\Desktop\cheat-engine-master\DBKKernel\DBK64.inf(5-5): warning 1324: [Version] section should specify PnpLockdown=1.
  Assembling amd64\dbkfunca.asm...
  Assembling amd64\debuggera.asm...
  Assembling amd64\noexceptionsa.asm...
  Assembling amd64\ultimapa.asm...
  Assembling amd64\vmxhelpera.asm...
  Assembling amd64\vmxoffloada.asm...
  DBKDrvr.c
  DBKFunc.c
  debugger.c
  deepkernel.c
  interruptHook.c
  IOPLDispatcher.c
  memscan.c
  noexceptions.c
  processlist.c
  threads.c
  ultimap.c
  ultimap2.c
  apic.c
  vmxhelper.c
  vmxoffload.c
  正在生成代码...
  DBKKernel.vcxproj -> C:\Users\Li_Dong\Desktop\cheat-engine-master\Cheat Engine\bin\ndebwk64.sys
  
  The following certificates were considered:
      Issued to: *.msdxcdn.microsoft.com
  
      Issued by: DO_NOT_TRUST_FiddlerRoot
  
      Expires:   Fri Apr 21 01:25:20 2023
  
      SHA1 hash: F7BA9F45861E65DFAB5BC7ED8A3187C70B59A9F1
  
  
      Issued to: Adobe Content Certificate 10-5
  
      Issued by: Adobe Intermediate CA 10-3
  
      Expires:   Mon Aug 18 21:18:42 2025
  
      SHA1 hash: F0BD97B4EC6CD8B71C35631738259CF9F2E54381
  
  
      Issued to: *.events.data.microsoft.com
  
      Issued by: DO_NOT_TRUST_FiddlerRoot
  
      Expires:   Thu Apr 27 07:26:35 2023
  
      SHA1 hash: E927BA4A5757E6FC9977AFBF3E3AA816F16F3857
  
  
      Issued to: Adobe Intermediate CA 10-3
  
      Issued by: Adobe Root CA 10-3
  
      Expires:   Sun Aug 05 01:37:58 2068
  
      SHA1 hash: D1DF7F06B769BCCB3F4479041EC1F06E9CD3CB1A
  
  
      Issued to: Adobe Intermediate CA 10-4
  
      Issued by: Adobe Root CA 10-3
  
      Expires:   Sun Aug 05 01:37:59 2068
  
      SHA1 hash: BF89E52F8D681360E6B84941BD2F9BC0093309F6
  
  
      Issued to: DO_NOT_TRUST_FiddlerRoot
  
      Issued by: DO_NOT_TRUST_FiddlerRoot
  
      Expires:   Wed Jul 17 08:02:04 2024
  
      SHA1 hash: A25CF9B32A9600DF43DB9FE98FDC1C6F2AAE96D6
  
  
      Issued to: WDKTestCert Li_Dong,133342496396292799
  
      Issued by: WDKTestCert Li_Dong,133342496396292799
  
      Expires:   Tue Jul 19 08:00:00 2033
  
      SHA1 hash: A01D0DA3B2846B367773A76A7A6244BCA5D36583
  
  
      Issued to: Adobe Content Certificate 10-6
  
      Issued by: Adobe Intermediate CA 10-4
  
      Expires:   Mon Aug 18 21:20:00 2025
  
      SHA1 hash: 906CC149415780CFB79F39E1CF449F87CA6D4D16
  
  
      Issued to: *.googleapis.com
  
      Issued by: DO_NOT_TRUST_FiddlerRoot
  
      Expires:   Thu Apr 20 02:42:15 2023
  
      SHA1 hash: 658A40275EC0758656A79A9CB522F64B698374BC
  
  
      Issued to: *.gvt2.com
  
      Issued by: DO_NOT_TRUST_FiddlerRoot
  
      Expires:   Thu Apr 20 02:42:20 2023
  
      SHA1 hash: 5BD24E851D588B1084AEA2F5905E9640BC01449B
  
  
      Issued to: *.google.com
  
      Issued by: DO_NOT_TRUST_FiddlerRoot
  
      Expires:   Thu May 11 00:12:52 2023
  
      SHA1 hash: 594C9C6BB45F780EC32C52F4F5B3BCFB0556FD48
  
  
      Issued to: *.microsoft.net
  
      Issued by: DO_NOT_TRUST_FiddlerRoot
  
      Expires:   Thu May 11 00:13:27 2023
  
      SHA1 hash: 49484573C70808FBE7C570E9FAC37E32A5091959
  
  
      Issued to: WDKTestCert Li_Dong,133342520173306799
  
      Issued by: WDKTestCert Li_Dong,133342520173306799
  
      Expires:   Tue Jul 19 08:00:00 2033
  
      SHA1 hash: 3F13942353CB28B985296A81CD54DAE9B0D14B28
  
  
      Issued to: pc-store-lb.lenovomm.cn
  
      Issued by: DO_NOT_TRUST_FiddlerRoot
  
      Expires:   Wed Apr 19 10:12:45 2023
  
      SHA1 hash: 3B357069371FDDEDABE417717D1C2F6DCCBD67EF
  
  
      Issued to: *.azureedge.net
  
      Issued by: DO_NOT_TRUST_FiddlerRoot
  
      Expires:   Sat May 27 02:53:57 2023
  
      SHA1 hash: 1B41F518C239D93FD87B7CD6ECF5426D5D88905F
  
  
      Issued to: *.bing.com
  
      Issued by: DO_NOT_TRUST_FiddlerRoot
  
      Expires:   Thu May 11 00:13:27 2023
  
      SHA1 hash: 12F449002AAB2C52F7B03B5B1C3DE5E91ACFD147
  
  
      Issued to: FullOSTransport
  
      Issued by: FullOSTransport
  
      Expires:   Fri Jul 24 15:52:56 2071
  
      SHA1 hash: 0E4E243D45C559D1A42D327C890BF860F8CE62A7
  
  
  After EKU filter, 6 certs were left.
  After expiry filter, 6 certs were left.
  After Hash filter, 1 certs were left.
  After Private Key filter, 1 certs were left.
  The following certificate was selected:
      Issued to: WDKTestCert Li_Dong,133342520173306799
  
      Issued by: WDKTestCert Li_Dong,133342520173306799
  
      Expires:   Tue Jul 19 08:00:00 2033
  
      SHA1 hash: 3F13942353CB28B985296A81CD54DAE9B0D14B28
  
  
  Done Adding Additional Store
  Successfully signed: C:\Users\Li_Dong\Desktop\cheat-engine-master\Cheat Engine\bin\ndebwk64.sys
  
  
  Number of files successfully Signed: 1
  
  Number of warnings: 0
  
  Number of errors: 0
  
